Arguments: 
  D:\soft\node\node.exe C:\Users\zhihuiruitu\AppData\Roaming\npm\node_modules\yarn\bin\yarn.js add redux

PATH: 
  C:\Users\zhihuiruitu\bin;C:\Program Files\Git\mingw64\bin;C:\Program Files\Git\usr\local\bin;C:\Program Files\Git\usr\bin;C:\Program Files\Git\usr\bin;C:\Program Files\Git\mingw64\bin;C:\Program Files\Git\usr\bin;C:\Users\zhihuiruitu\bin;C:\ProgramData\Oracle\Java\javapath;C:\Python27;C:\Python27\Scripts;C:\Program Files (x86)\Intel\iCLS Client;C:\Program Files\Intel\iCLS Client;C:\Windows\system32;C:\Windows;C:\Windows\System32\Wbem;C:\Windows\System32\WindowsPowerShell\v1.0;C:\Program Files (x86)\Intel\Intel(R) Management Engine Components\DAL;C:\Program Files\Intel\Intel(R) Management Engine Components\DAL;C:\Program Files (x86)\Intel\Intel(R) Management Engine Components\IPT;C:\Program Files\Intel\Intel(R) Management Engine Components\IPT;C:\Program Files\Intel\WiFi\bin;C:\Program Files\Common Files\Intel\WirelessCommon;C:\Program Files (x86)\NVIDIA Corporation\PhysX\Common;D:\soft\node;C:\Program Files\Git\cmd;C:\ProgramData\chocolatey\bin;C:\Program Files (x86)\Java\jdk1.8.0_151\bin;C:\Users\zhihuiruitu\AppData\Local\Android\Sdk\tools;C:\Users\zhihuiruitu\AppData\Local\Android\Sdk\platform-tools;C:\Users\zhihuiruitu\AppData\Local\Microsoft\WindowsApps;C:\Users\zhihuiruitu\AppData\Roaming\npm;D:\soft\Microsoft VS Code\bin;C:\Program Files\Docker Toolbox;C:\Program Files\Git\usr\bin\vendor_perl;C:\Program Files\Git\usr\bin\core_perl

Yarn version: 
  1.3.2

Node version: 
  8.9.0

Platform: 
  win32 x64

npm manifest: 
  {
    "private": true,
    "scripts": {
      "start": "set PORT=3000&& roadhog server",
      "build": "roadhog build",
      "lint": "eslint --ext .js src test",
      "precommit": "npm run lint"
    },
    "engines": {
      "install-node": "6.11.1"
    },
    "dependencies": {
      "babel-runtime": "^6.9.2",
      "dva": "^2.1.0",
      "react": "^15.4.0",
      "react-dom": "^15.4.0"
    },
    "devDependencies": {
      "babel-eslint": "^7.1.1",
      "babel-plugin-dva-hmr": "^0.3.2",
      "babel-plugin-transform-runtime": "^6.9.0",
      "eslint": "^3.12.2",
      "eslint-config-airbnb": "^13.0.0",
      "eslint-plugin-import": "^2.2.0",
      "eslint-plugin-jsx-a11y": "^2.2.3",
      "eslint-plugin-react": "^6.8.0",
      "expect": "^1.20.2",
      "husky": "^0.12.0",
      "redbox-react": "^1.4.3",
      "roadhog": "^1.2.1"
    }
  }

yarn manifest: 
  No manifest

Lockfile: 
  No lockfile

Trace: 
  Error: ENOENT: no such file or directory, copyfile 'C:\Users\zhihuiruitu\AppData\Local\Yarn\cache\v1\npm-find-up-2.1.0-45d1b7e506c717ddd482775a2b77920a3c0c57a7\index.js' -> 'C:\work\react\dva\arcsite_web\node_modules\eslint-plugin-import\node_modules\find-up\index.js'
